<?xml version="1.0" encoding="UTF-8"?>
<!-- Generated by org.testng.reporters.JUnitReportReporter -->
<testsuite hostname="DESKTOP-HIN4ESK" failures="0" tests="2" name="Tests.logintest" time="8.100" errors="0" timestamp="2024-08-15T18:13:04 IST" skipped="0">
  <testcase classname="Tests.logintest" name="login" time="4.304"/>
  <system-out/>
  <testcase classname="Tests.logintest" name="login" time="3.796"/>
  <system-out/>
</testsuite> <!-- Tests.logintest -->
