<?xml version="1.0" encoding="UTF-8"?>
<!-- Generated by org.testng.reporters.JUnitReportReporter -->
<testsuite hostname="DESKTOP-HIN4ESK" failures="0" tests="2" name="Tests.Newregistertest" time="107.335" errors="0" timestamp="2024-08-15T18:35:51 IST" skipped="0">
  <testcase classname="Tests.Newregistertest" name="register" time="49.657"/>
  <system-out/>
  <testcase classname="Tests.Newregistertest" name="register" time="57.678"/>
  <system-out/>
</testsuite> <!-- Tests.Newregistertest -->
